<?xml version="1.0" encoding="UTF-8"?>
<!-- Generated by org.testng.reporters.JUnitXMLReporter -->
<testsuite hostname="LB9903141" ignored="0" name="Test" tests="1" failures="1" timestamp="07 Jan 2020 19:27:26 GMT" time="0.409" errors="0">
  <testcase name="testJenkins" time="0.254" classname="jenkinsDemo.JenkinsApplication">
    <failure type="java.lang.NoSuchMethodError" message="com.google.common.collect.ImmutableSet.of(Ljava/lang/Object;Ljava/lang/Object;Ljava/lang/Object;Ljava/lang/Object;Ljava/lang/Object;)Lcom/google/common/collect/ImmutableSet;">
      <![CDATA[java.lang.NoSuchMethodError: com.google.common.collect.ImmutableSet.of(Ljava/lang/Object;Ljava/lang/Object;Ljava/lang/Object;Ljava/lang/Object;Ljava/lang/Object;)Lcom/google/common/collect/ImmutableSet;
	at org.openqa.selenium.os.ExecutableFinder.<clinit>(ExecutableFinder.java:33)
	at org.openqa.selenium.remote.service.DriverService.findExecutable(DriverService.java:132)
	at org.openqa.selenium.chrome.ChromeDriverService.access$000(ChromeDriverService.java:35)
	at org.openqa.selenium.chrome.ChromeDriverService$Builder.findDefaultExecutable(ChromeDriverService.java:159)
	at org.openqa.selenium.remote.service.DriverService$Builder.build(DriverService.java:355)
	at org.openqa.selenium.chrome.ChromeDriverService.createDefaultService(ChromeDriverService.java:94)
	at org.openqa.selenium.chrome.ChromeDriver.<init>(ChromeDriver.java:123)
	at jenkinsDemo.JenkinsApplication.testJenkins(JenkinsApplication.java:15)
... Removed 24 stack frames]]>
    </failure>
  </testcase> <!-- testJenkins -->
</testsuite> <!-- Test -->
