<?xml version="1.0" encoding="UTF-8"?>
<testng-results skipped="0" failed="0" total="1" passed="1">
  <reporter-output>
  </reporter-output>
  <suite name="Default suite" duration-ms="37462" started-at="2021-07-06T07:44:48Z" finished-at="2021-07-06T07:45:25Z">
    <groups>
    </groups>
    <test name="Default test" duration-ms="37462" started-at="2021-07-06T07:44:48Z" finished-at="2021-07-06T07:45:25Z">
      <class name="jenkinsDemo.JenkinsApplication">
        <test-method status="PASS" signature="testJenkins()[pri:0, instance:jenkinsDemo.JenkinsApplication@58651fd0]" name="testJenkins" duration-ms="37401" started-at="2021-07-06T13:14:48Z" finished-at="2021-07-06T13:15:25Z">
          <reporter-output>
          </reporter-output>
        </test-method> <!-- testJenkins -->
      </class> <!-- jenkinsDemo.JenkinsApplication -->
    </test> <!-- Default test -->
  </suite> <!-- Default suite -->
</testng-results>
